<?xml version="1.0" encoding="UTF-8" ?>
<testsuite tests="20" failures="20" name="com.bandtec.projeto.lista.desafio.ListaUtilTest" time="0.042" errors="0" skipped="0">
  <properties>
[...]
</properties>
  <testcase classname="com.bandtec.projeto.lista.desafio.ListaUtilTest" name="com.bandtec.projeto.lista.desafio.ListaUtilTest.testHasDuplicidadeQuandoAcionadoEListaPossuiDuplicidadeDeveRetornarTrue" time="0.006">
    <failure type="java.lang.NullPointerException">java.lang.NullPointerException
	at com.bandtec.projeto.lista.desafio.ListaUtilTest.testHasDuplicidadeQuandoAcionadoEListaPossuiDuplicidadeDeveRetornarTrue(ListaUtilTest.java:208)
</failure>
    <system-out>TESTE HASDUPLICIDADE: COM DUPLICIDADE
</system-out>
  </testcase>
  <testcase classname="com.bandtec.projeto.lista.desafio.ListaUtilTest" name="com.bandtec.projeto.lista.desafio.ListaUtilTest.testAddQuandoAcionadoComValorPositivosENegativosAumentaTamanhoDaLista" time="0.017">
    <failure message="expected: &lt;3&gt; but was: &lt;null&gt;" type="org.opentest4j.AssertionFailedError">org.opentest4j.AssertionFailedError: expected: &lt;3&gt; but was: &lt;null&gt;
	at org.junit.jupiter.api.AssertionUtils.fail(AssertionUtils.java:55)
	at org.junit.jupiter.api.AssertionUtils.failNotEqual(AssertionUtils.java:62)
	at org.junit.jupiter.api.AssertEquals.assertEquals(AssertEquals.java:182)
	at org.junit.jupiter.api.AssertEquals.assertEquals(AssertEquals.java:177)
	at org.junit.jupiter.api.Assertions.assertEquals(Assertions.java:534)
	at com.bandtec.projeto.lista.desafio.ListaUtilTest.testAddQuandoAcionadoComValorPositivosENegativosAumentaTamanhoDaLista(ListaUtilTest.java:17)
</failure>
    <system-out>ADD COM VALOR VÁLIDO:
</system-out>
  </testcase>
  <testcase classname="com.bandtec.projeto.lista.desafio.ListaUtilTest" name="com.bandtec.projeto.lista.desafio.ListaUtilTest.testRemoveQuandoAcionadoComArgumentoNuloNaoAlteraTamanhoDaLista" time="0.001">
    <failure message="expected: &lt;3&gt; but was: &lt;null&gt;" type="org.opentest4j.AssertionFailedError">org.opentest4j.AssertionFailedError: expected: &lt;3&gt; but was: &lt;null&gt;
	at org.junit.jupiter.api.AssertionUtils.fail(AssertionUtils.java:55)
	at org.junit.jupiter.api.AssertionUtils.failNotEqual(AssertionUtils.java:62)
	at org.junit.jupiter.api.AssertEquals.assertEquals(AssertEquals.java:182)
	at org.junit.jupiter.api.AssertEquals.assertEquals(AssertEquals.java:177)
	at org.junit.jupiter.api.Assertions.assertEquals(Assertions.java:534)
	at com.bandtec.projeto.lista.desafio.ListaUtilTest.testRemoveQuandoAcionadoComArgumentoNuloNaoAlteraTamanhoDaLista(ListaUtilTest.java:37)
</failure>
    <system-out>REMOVE COM VALOR INVÁLIDO
</system-out>
  </testcase>
  <testcase classname="com.bandtec.projeto.lista.desafio.ListaUtilTest" name="com.bandtec.projeto.lista.desafio.ListaUtilTest.testRemoveQuandoAcionadoComArgumento10DiminuiTamanhoDaLista" time="0.001">
    <failure message="expected: &lt;3&gt; but was: &lt;null&gt;" type="org.opentest4j.AssertionFailedError">org.opentest4j.AssertionFailedError: expected: &lt;3&gt; but was: &lt;null&gt;
	at org.junit.jupiter.api.AssertionUtils.fail(AssertionUtils.java:55)
	at org.junit.jupiter.api.AssertionUtils.failNotEqual(AssertionUtils.java:62)
	at org.junit.jupiter.api.AssertEquals.assertEquals(AssertEquals.java:182)
	at org.junit.jupiter.api.AssertEquals.assertEquals(AssertEquals.java:177)
	at org.junit.jupiter.api.Assertions.assertEquals(Assertions.java:534)
	at com.bandtec.projeto.lista.desafio.ListaUtilTest.testRemoveQuandoAcionadoComArgumento10DiminuiTamanhoDaLista(ListaUtilTest.java:49)
</failure>
    <system-out>REMOVE COM VALOR VÁLIDO
</system-out>
  </testcase>
  <testcase classname="com.bandtec.projeto.lista.desafio.ListaUtilTest" name="com.bandtec.projeto.lista.desafio.ListaUtilTest.testRemoveQuandoAcionadoComArgumento101NaoDiminuiTamanhoDaLista" time="0.001">
    <failure message="expected: &lt;3&gt; but was: &lt;null&gt;" type="org.opentest4j.AssertionFailedError">org.opentest4j.AssertionFailedError: expected: &lt;3&gt; but was: &lt;null&gt;
	at org.junit.jupiter.api.AssertionUtils.fail(AssertionUtils.java:55)
	at org.junit.jupiter.api.AssertionUtils.failNotEqual(AssertionUtils.java:62)
	at org.junit.jupiter.api.AssertEquals.assertEquals(AssertEquals.java:182)
	at org.junit.jupiter.api.AssertEquals.assertEquals(AssertEquals.java:177)
	at org.junit.jupiter.api.Assertions.assertEquals(Assertions.java:534)
	at com.bandtec.projeto.lista.desafio.ListaUtilTest.testRemoveQuandoAcionadoComArgumento101NaoDiminuiTamanhoDaLista(ListaUtilTest.java:61)
</failure>
    <system-out>REMOVE COM VALOR INEXISTENTE
</system-out>
  </testcase>
  <testcase classname="com.bandtec.projeto.lista.desafio.ListaUtilTest" name="com.bandtec.projeto.lista.desafio.ListaUtilTest.testCountQuandoAcionadoEListaPossui3IndicesPreenchidosRetorna3" time="0.001">
    <failure message="expected: &lt;3&gt; but was: &lt;null&gt;" type="org.opentest4j.AssertionFailedError">org.opentest4j.AssertionFailedError: expected: &lt;3&gt; but was: &lt;null&gt;
	at org.junit.jupiter.api.AssertionUtils.fail(AssertionUtils.java:55)
	at org.junit.jupiter.api.AssertionUtils.failNotEqual(AssertionUtils.java:62)
	at org.junit.jupiter.api.AssertEquals.assertEquals(AssertEquals.java:182)
	at org.junit.jupiter.api.AssertEquals.assertEquals(AssertEquals.java:177)
	at org.junit.jupiter.api.Assertions.assertEquals(Assertions.java:534)
	at com.bandtec.projeto.lista.desafio.ListaUtilTest.testCountQuandoAcionadoEListaPossui3IndicesPreenchidosRetorna3(ListaUtilTest.java:82)
</failure>
    <system-out>TESTE COUNT: 3 NUMEROS
</system-out>
  </testcase>
  <testcase classname="com.bandtec.projeto.lista.desafio.ListaUtilTest" name="com.bandtec.projeto.lista.desafio.ListaUtilTest.testCountParesQuandoAcionadoEListaPossui6ParesRetorna6" time="0.001">
    <failure message="expected: &lt;6&gt; but was: &lt;null&gt;" type="org.opentest4j.AssertionFailedError">org.opentest4j.AssertionFailedError: expected: &lt;6&gt; but was: &lt;null&gt;
	at org.junit.jupiter.api.AssertionUtils.fail(AssertionUtils.java:55)
	at org.junit.jupiter.api.AssertionUtils.failNotEqual(AssertionUtils.java:62)
	at org.junit.jupiter.api.AssertEquals.assertEquals(AssertEquals.java:182)
	at org.junit.jupiter.api.AssertEquals.assertEquals(AssertEquals.java:177)
	at org.junit.jupiter.api.Assertions.assertEquals(Assertions.java:534)
	at com.bandtec.projeto.lista.desafio.ListaUtilTest.testCountParesQuandoAcionadoEListaPossui6ParesRetorna6(ListaUtilTest.java:99)
</failure>
    <system-out>TESTE COUNT PARES: 6 NUMEROS
</system-out>
  </testcase>
  <testcase classname="com.bandtec.projeto.lista.desafio.ListaUtilTest" name="com.bandtec.projeto.lista.desafio.ListaUtilTest.testCountParesQuandoAcionadoEListaEstaVaziaRetorna0" time="0.001">
    <failure message="expected: &lt;0&gt; but was: &lt;null&gt;" type="org.opentest4j.AssertionFailedError">org.opentest4j.AssertionFailedError: expected: &lt;0&gt; but was: &lt;null&gt;
	at org.junit.jupiter.api.AssertionUtils.fail(AssertionUtils.java:55)
	at org.junit.jupiter.api.AssertionUtils.failNotEqual(AssertionUtils.java:62)
	at org.junit.jupiter.api.AssertEquals.assertEquals(AssertEquals.java:182)
	at org.junit.jupiter.api.AssertEquals.assertEquals(AssertEquals.java:177)
	at org.junit.jupiter.api.Assertions.assertEquals(Assertions.java:534)
	at com.bandtec.projeto.lista.desafio.ListaUtilTest.testCountParesQuandoAcionadoEListaEstaVaziaRetorna0(ListaUtilTest.java:107)
</failure>
    <system-out>TESTE COUNT PARES: LISTA VAZIA
</system-out>
  </testcase>
  <testcase classname="com.bandtec.projeto.lista.desafio.ListaUtilTest" name="com.bandtec.projeto.lista.desafio.ListaUtilTest.testCountImparesQuandoAcionadoEListaEstaVaziaRetorna0" time="0.001">
    <failure message="expected: &lt;0&gt; but was: &lt;null&gt;" type="org.opentest4j.AssertionFailedError">org.opentest4j.AssertionFailedError: expected: &lt;0&gt; but was: &lt;null&gt;
	at org.junit.jupiter.api.AssertionUtils.fail(AssertionUtils.java:55)
	at org.junit.jupiter.api.AssertionUtils.failNotEqual(AssertionUtils.java:62)
	at org.junit.jupiter.api.AssertEquals.assertEquals(AssertEquals.java:182)
	at org.junit.jupiter.api.AssertEquals.assertEquals(AssertEquals.java:177)
	at org.junit.jupiter.api.Assertions.assertEquals(Assertions.java:534)
	at com.bandtec.projeto.lista.desafio.ListaUtilTest.testCountImparesQuandoAcionadoEListaEstaVaziaRetorna0(ListaUtilTest.java:115)
</failure>
    <system-out>TESTE COUNT IMPARES: LISTA VAZIA
</system-out>
  </testcase>
  <testcase classname="com.bandtec.projeto.lista.desafio.ListaUtilTest" name="com.bandtec.projeto.lista.desafio.ListaUtilTest.testCountImparesQuandoAcionadoEListaPossui3ImparesRetorna3" time="0.005">
    <failure message="expected: &lt;3&gt; but was: &lt;null&gt;" type="org.opentest4j.AssertionFailedError">org.opentest4j.AssertionFailedError: expected: &lt;3&gt; but was: &lt;null&gt;
	at org.junit.jupiter.api.AssertionUtils.fail(AssertionUtils.java:55)
	at org.junit.jupiter.api.AssertionUtils.failNotEqual(AssertionUtils.java:62)
	at org.junit.jupiter.api.AssertEquals.assertEquals(AssertEquals.java:182)
	at org.junit.jupiter.api.AssertEquals.assertEquals(AssertEquals.java:177)
	at org.junit.jupiter.api.Assertions.assertEquals(Assertions.java:534)
	at com.bandtec.projeto.lista.desafio.ListaUtilTest.testCountImparesQuandoAcionadoEListaPossui3ImparesRetorna3(ListaUtilTest.java:128)
</failure>
    <system-out>TESTE COUNT IMPARES: 3 NUMEROS
</system-out>
  </testcase>
  <testcase classname="com.bandtec.projeto.lista.desafio.ListaUtilTest" name="com.bandtec.projeto.lista.desafio.ListaUtilTest.testSomarQuandoAcionadoDeveRetornar42" time="0">
    <failure message="expected: &lt;42&gt; but was: &lt;null&gt;" type="org.opentest4j.AssertionFailedError">org.opentest4j.AssertionFailedError: expected: &lt;42&gt; but was: &lt;null&gt;
	at org.junit.jupiter.api.AssertionUtils.fail(AssertionUtils.java:55)
	at org.junit.jupiter.api.AssertionUtils.failNotEqual(AssertionUtils.java:62)
	at org.junit.jupiter.api.AssertEquals.assertEquals(AssertEquals.java:182)
	at org.junit.jupiter.api.AssertEquals.assertEquals(AssertEquals.java:177)
	at org.junit.jupiter.api.Assertions.assertEquals(Assertions.java:534)
	at com.bandtec.projeto.lista.desafio.ListaUtilTest.testSomarQuandoAcionadoDeveRetornar42(ListaUtilTest.java:139)
</failure>
    <system-out>TESTE SOMAR: 42
</system-out>
  </testcase>
  <testcase classname="com.bandtec.projeto.lista.desafio.ListaUtilTest" name="com.bandtec.projeto.lista.desafio.ListaUtilTest.testSomarQuandoAcionadoEListaEstavaziaDeveRetornar0" time="0">
    <failure message="expected: &lt;0&gt; but was: &lt;null&gt;" type="org.opentest4j.AssertionFailedError">org.opentest4j.AssertionFailedError: expected: &lt;0&gt; but was: &lt;null&gt;
	at org.junit.jupiter.api.AssertionUtils.fail(AssertionUtils.java:55)
	at org.junit.jupiter.api.AssertionUtils.failNotEqual(AssertionUtils.java:62)
	at org.junit.jupiter.api.AssertEquals.assertEquals(AssertEquals.java:182)
	at org.junit.jupiter.api.AssertEquals.assertEquals(AssertEquals.java:177)
	at org.junit.jupiter.api.Assertions.assertEquals(Assertions.java:534)
	at com.bandtec.projeto.lista.desafio.ListaUtilTest.testSomarQuandoAcionadoEListaEstavaziaDeveRetornar0(ListaUtilTest.java:147)
</failure>
    <system-out>TESTE SOMAR: LISTA VAZIA
</system-out>
  </testcase>
  <testcase classname="com.bandtec.projeto.lista.desafio.ListaUtilTest" name="com.bandtec.projeto.lista.desafio.ListaUtilTest.testGetMaiorQuandoAcionadoEListaEstaVaziaDeveRetornar0" time="0.001">
    <failure message="expected: &lt;0&gt; but was: &lt;null&gt;" type="org.opentest4j.AssertionFailedError">org.opentest4j.AssertionFailedError: expected: &lt;0&gt; but was: &lt;null&gt;
	at org.junit.jupiter.api.AssertionUtils.fail(AssertionUtils.java:55)
	at org.junit.jupiter.api.AssertionUtils.failNotEqual(AssertionUtils.java:62)
	at org.junit.jupiter.api.AssertEquals.assertEquals(AssertEquals.java:182)
	at org.junit.jupiter.api.AssertEquals.assertEquals(AssertEquals.java:177)
	at org.junit.jupiter.api.Assertions.assertEquals(Assertions.java:534)
	at com.bandtec.projeto.lista.desafio.ListaUtilTest.testGetMaiorQuandoAcionadoEListaEstaVaziaDeveRetornar0(ListaUtilTest.java:155)
</failure>
    <system-out>TESTE GETMAIOR: LISTA VAZIA
</system-out>
  </testcase>
  <testcase classname="com.bandtec.projeto.lista.desafio.ListaUtilTest" name="com.bandtec.projeto.lista.desafio.ListaUtilTest.testGetMaiorQuandoAcionadoDeveRetornar42" time="0">
    <failure message="expected: &lt;42&gt; but was: &lt;null&gt;" type="org.opentest4j.AssertionFailedError">org.opentest4j.AssertionFailedError: expected: &lt;42&gt; but was: &lt;null&gt;
	at org.junit.jupiter.api.AssertionUtils.fail(AssertionUtils.java:55)
	at org.junit.jupiter.api.AssertionUtils.failNotEqual(AssertionUtils.java:62)
	at org.junit.jupiter.api.AssertEquals.assertEquals(AssertEquals.java:182)
	at org.junit.jupiter.api.AssertEquals.assertEquals(AssertEquals.java:177)
	at org.junit.jupiter.api.Assertions.assertEquals(Assertions.java:534)
	at com.bandtec.projeto.lista.desafio.ListaUtilTest.testGetMaiorQuandoAcionadoDeveRetornar42(ListaUtilTest.java:168)
</failure>
    <system-out>TESTE GETMAIOR: 42
</system-out>
  </testcase>
  <testcase classname="com.bandtec.projeto.lista.desafio.ListaUtilTest" name="com.bandtec.projeto.lista.desafio.ListaUtilTest.testGetMenorQuandoAcionadoEListaEstaVaziaDeveRetornar0" time="0.002">
    <failure message="expected: &lt;0&gt; but was: &lt;null&gt;" type="org.opentest4j.AssertionFailedError">org.opentest4j.AssertionFailedError: expected: &lt;0&gt; but was: &lt;null&gt;
	at org.junit.jupiter.api.AssertionUtils.fail(AssertionUtils.java:55)
	at org.junit.jupiter.api.AssertionUtils.failNotEqual(AssertionUtils.java:62)
	at org.junit.jupiter.api.AssertEquals.assertEquals(AssertEquals.java:182)
	at org.junit.jupiter.api.AssertEquals.assertEquals(AssertEquals.java:177)
	at org.junit.jupiter.api.Assertions.assertEquals(Assertions.java:534)
	at com.bandtec.projeto.lista.desafio.ListaUtilTest.testGetMenorQuandoAcionadoEListaEstaVaziaDeveRetornar0(ListaUtilTest.java:176)
</failure>
    <system-out>TESTE GETMENOR: LISTA VAZIA
</system-out>
  </testcase>
  <testcase classname="com.bandtec.projeto.lista.desafio.ListaUtilTest" name="com.bandtec.projeto.lista.desafio.ListaUtilTest.testGetMenorQuandoAcionadoDeveRetornar10Negativo" time="0">
    <failure message="expected: &lt;-10&gt; but was: &lt;null&gt;" type="org.opentest4j.AssertionFailedError">org.opentest4j.AssertionFailedError: expected: &lt;-10&gt; but was: &lt;null&gt;
	at org.junit.jupiter.api.AssertionUtils.fail(AssertionUtils.java:55)
	at org.junit.jupiter.api.AssertionUtils.failNotEqual(AssertionUtils.java:62)
	at org.junit.jupiter.api.AssertEquals.assertEquals(AssertEquals.java:182)
	at org.junit.jupiter.api.AssertEquals.assertEquals(AssertEquals.java:177)
	at org.junit.jupiter.api.Assertions.assertEquals(Assertions.java:534)
	at com.bandtec.projeto.lista.desafio.ListaUtilTest.testGetMenorQuandoAcionadoDeveRetornar10Negativo(ListaUtilTest.java:192)
</failure>
    <system-out>TESTE GETMENOR: COM -10
</system-out>
  </testcase>
  <testcase classname="com.bandtec.projeto.lista.desafio.ListaUtilTest" name="com.bandtec.projeto.lista.desafio.ListaUtilTest.testHasDuplicidadeQuandoAcionadoEListaNaoPossuiDuplicidadeDeveRetornarFalse" time="0.001">
    <failure type="java.lang.NullPointerException">java.lang.NullPointerException
	at com.bandtec.projeto.lista.desafio.ListaUtilTest.testHasDuplicidadeQuandoAcionadoEListaNaoPossuiDuplicidadeDeveRetornarFalse(ListaUtilTest.java:223)
</failure>
    <system-out>TESTE HASDUPLICIDADE: SEM DUPLICIDADE
</system-out>
  </testcase>
  <testcase classname="com.bandtec.projeto.lista.desafio.ListaUtilTest" name="com.bandtec.projeto.lista.desafio.ListaUtilTest.testHasDuplicidadeQuandoAcionadoEListaEstaVaziaDeveRetornarFalse" time="0.001">
    <failure type="java.lang.NullPointerException">java.lang.NullPointerException
	at com.bandtec.projeto.lista.desafio.ListaUtilTest.testHasDuplicidadeQuandoAcionadoEListaEstaVaziaDeveRetornarFalse(ListaUtilTest.java:230)
</failure>
    <system-out>TESTE HASDUPLICIDADE: LISTA VAZIA
</system-out>
  </testcase>
  <testcase classname="com.bandtec.projeto.lista.desafio.ListaUtilTest" name="com.bandtec.projeto.lista.desafio.ListaUtilTest.testAddQuandoAcionadoComArgumentoNuloNaoAlteraTamanhoDaLista" time="0.001">
    <failure message="expected: &lt;0&gt; but was: &lt;null&gt;" type="org.opentest4j.AssertionFailedError">org.opentest4j.AssertionFailedError: expected: &lt;0&gt; but was: &lt;null&gt;
	at org.junit.jupiter.api.AssertionUtils.fail(AssertionUtils.java:55)
	at org.junit.jupiter.api.AssertionUtils.failNotEqual(AssertionUtils.java:62)
	at org.junit.jupiter.api.AssertEquals.assertEquals(AssertEquals.java:182)
	at org.junit.jupiter.api.AssertEquals.assertEquals(AssertEquals.java:177)
	at org.junit.jupiter.api.Assertions.assertEquals(Assertions.java:534)
	at com.bandtec.projeto.lista.desafio.ListaUtilTest.testAddQuandoAcionadoComArgumentoNuloNaoAlteraTamanhoDaLista(ListaUtilTest.java:27)
</failure>
    <system-out>ADD COM VALOR INVÁLIDO:
</system-out>
  </testcase>
  <testcase classname="com.bandtec.projeto.lista.desafio.ListaUtilTest" name="com.bandtec.projeto.lista.desafio.ListaUtilTest.testCountQuandoAcionadoEListaEstaVaziaRetorna0" time="0.001">
    <failure message="expected: &lt;0&gt; but was: &lt;null&gt;" type="org.opentest4j.AssertionFailedError">org.opentest4j.AssertionFailedError: expected: &lt;0&gt; but was: &lt;null&gt;
	at org.junit.jupiter.api.AssertionUtils.fail(AssertionUtils.java:55)
	at org.junit.jupiter.api.AssertionUtils.failNotEqual(AssertionUtils.java:62)
	at org.junit.jupiter.api.AssertEquals.assertEquals(AssertEquals.java:182)
	at org.junit.jupiter.api.AssertEquals.assertEquals(AssertEquals.java:177)
	at org.junit.jupiter.api.Assertions.assertEquals(Assertions.java:534)
	at com.bandtec.projeto.lista.desafio.ListaUtilTest.testCountQuandoAcionadoEListaEstaVaziaRetorna0(ListaUtilTest.java:71)
</failure>
    <system-out>TESTE COUNT: LISTA VAZIA
</system-out>
  </testcase>
</testsuite>